<?xml version="1.0" encoding="UTF-8"?>
<!-- Generated by org.testng.reporters.JUnitXMLReporter -->
<testsuite ignored="4" hostname="DESKTOP-R0NL5GO" failures="0" tests="11" name="Surefire test" time="62.338" errors="0" timestamp="2022-05-24T12:34:31 EDT">
  <testcase classname="com.mil.testCases.HomePageTest" name="clickOnMyInfoTabTest" time="1.071"/>
  <testcase classname="com.mil.testCases.HomePageTest" name="verifyHomePageTitleTest" time="0.036"/>
  <testcase classname="com.mil.testCases.HomePageTest" name="verifyNameDisplayTest" time="0.332"/>
  <testcase classname="com.mil.testCases.HomePageTest" name="verifyDashboardDisplayTest" time="0.333"/>
  <testcase classname="com.mil.testCases.HomePageTest" name="verifyMyInfoDisplayTest" time="0.092"/>
  <testcase classname="com.mil.testCases.LoginPageTest" name="verifyLoginPageTitleTest" time="0.032"/>
  <testcase classname="com.mil.testCases.LoginPageTest" name="validateLogoHrmOrange" time="0.07"/>
  <testcase classname="com.mil.testCases.LoginPageTest" name="verifylogin" time="1.665"/>
  <testcase classname="com.mil.testCases.LoginPageTest" name="verifylogin" time="2.334"/>
  <testcase classname="com.mil.testCases.LoginPageTest" name="verifylogin" time="1.181"/>
  <testcase classname="com.mil.testCases.MyInfoPageTest" name="personalDetailsDisplayTest" time="0.076"/>
  <testcase classname="com.mil.testCases.MyInfoPageTest" name="verifyFirstNameTest" time="0.0">
    <ignored/>
  </testcase> <!-- verifyFirstNameTest -->
  <testcase classname="com.mil.testCases.MyInfoPageTest" name="verifyLastNameTest" time="0.0">
    <ignored/>
  </testcase> <!-- verifyLastNameTest -->
  <testcase classname="com.mil.testCases.MyInfoPageTest" name="verifyGenderTest" time="0.0">
    <ignored/>
  </testcase> <!-- verifyGenderTest -->
  <testcase classname="com.mil.testCases.MyInfoPageTest" name="verifyNationalityTest" time="0.0">
    <ignored/>
  </testcase> <!-- verifyNationalityTest -->
</testsuite> <!-- Surefire test -->
