<?xml version="1.0" encoding="UTF-8"?>
<!-- Generated by org.testng.reporters.JUnitXMLReporter -->
<testsuite ignored="0" hostname="DESKTOP-R0NL5GO" failures="0" tests="5" name="Default test" time="28.222" errors="0" timestamp="2022-05-24T12:26:00 EDT">
  <testcase classname="com.mil.testCases.HomePageTest" name="clickOnMyInfoTabTest" time="0.936"/>
  <testcase classname="com.mil.testCases.HomePageTest" name="verifyHomePageTitleTest" time="0.014"/>
  <testcase classname="com.mil.testCases.HomePageTest" name="verifyNameDisplayTest" time="0.072"/>
  <testcase classname="com.mil.testCases.HomePageTest" name="verifyDashboardDisplayTest" time="0.053"/>
  <testcase classname="com.mil.testCases.HomePageTest" name="verifyMyInfoDisplayTest" time="0.091"/>
</testsuite> <!-- Default test -->
