<?xml version="1.0" encoding="UTF-8"?>
<!-- Generated by org.testng.reporters.JUnitXMLReporter -->
<testsuite ignored="0" hostname="DESKTOP-R0NL5GO" failures="0" tests="5" name="LoginPageTest" time="27.199" errors="0" timestamp="2022-05-07T12:02:12 EDT">
  <testcase classname="com.mil.testCases.HomePageTest" name="clickOnMyInfoTabTest" time="0.764"/>
  <testcase classname="com.mil.testCases.HomePageTest" name="verifyHomePageTitleTest" time="0.015"/>
  <testcase classname="com.mil.testCases.HomePageTest" name="verifyNameDisplayTest" time="0.087"/>
  <testcase classname="com.mil.testCases.HomePageTest" name="verifyDashboardDisplayTest" time="0.056"/>
  <testcase classname="com.mil.testCases.HomePageTest" name="verifyMyInfoDisplayTest" time="0.072"/>
</testsuite> <!-- LoginPageTest -->
